{"meta": {"format": 3, "version": "7.8.0", "timestamp": "2025-06-07T21:12:24.975557", "branch_coverage": false, "show_contexts": false}, "files": {"luca_core/__init__.py": {"executed_lines": [1, 16], "summary": {"covered_lines": 1, "num_statements": 1, "percent_covered": 100.0, "percent_covered_display": "100", "missing_lines": 0, "excluded_lines": 0}, "missing_lines": [], "excluded_lines": [], "functions": {"": {"executed_lines": [1, 16], "summary": {"covered_lines": 1, "num_statements": 1, "percent_covered": 100.0, "percent_covered_display": "100", "missing_lines": 0, "excluded_lines": 0}, "missing_lines": [], "excluded_lines": []}}, "classes": {"": {"executed_lines": [1, 16], "summary": {"covered_lines": 1, "num_statements": 1, "percent_covered": 100.0, "percent_covered_display": "100", "missing_lines": 0, "excluded_lines": 0}, "missing_lines": [], "excluded_lines": []}}}, "luca_core/__main__.py": {"executed_lines": [1, 7, 8, 9, 10, 11, 13, 14, 15, 18, 22, 25, 28, 37, 39, 42, 45, 51, 59, 61, 62, 63, 69, 71, 75, 81, 88, 95, 98, 99, 102, 103, 104, 105, 108, 109, 112], "summary": {"covered_lines": 36, "num_statements": 37, "percent_covered": 97.29729729729729, "percent_covered_display": "97", "missing_lines": 1, "excluded_lines": 0}, "missing_lines": [113], "excluded_lines": [], "functions": {"get_status": {"executed_lines": [37, 39, 42, 45, 51, 59, 61, 62, 63], "summary": {"covered_lines": 9, "num_statements": 9, "percent_covered": 100.0, "percent_covered_display": "100", "missing_lines": 0, "excluded_lines": 0}, "missing_lines": [], "excluded_lines": []}, "main": {"executed_lines": [71, 75, 81, 88, 95, 98, 99, 102, 103, 104, 105, 108, 109], "summary": {"covered_lines": 13, "num_statements": 13, "percent_covered": 100.0, "percent_covered_display": "100", "missing_lines": 0, "excluded_lines": 0}, "missing_lines": [], "excluded_lines": []}, "": {"executed_lines": [1, 7, 8, 9, 10, 11, 13, 14, 15, 18, 22, 25, 28, 69, 112], "summary": {"covered_lines": 14, "num_statements": 15, "percent_covered": 93.33333333333333, "percent_covered_display": "93", "missing_lines": 1, "excluded_lines": 0}, "missing_lines": [113], "excluded_lines": []}}, "classes": {"": {"executed_lines": [1, 7, 8, 9, 10, 11, 13, 14, 15, 18, 22, 25, 28, 37, 39, 42, 45, 51, 59, 61, 62, 63, 69, 71, 75, 81, 88, 95, 98, 99, 102, 103, 104, 105, 108, 109, 112], "summary": {"covered_lines": 36, "num_statements": 37, "percent_covered": 97.29729729729729, "percent_covered_display": "97", "missing_lines": 1, "excluded_lines": 0}, "missing_lines": [113], "excluded_lines": []}}}, "luca_core/context/__init__.py": {"executed_lines": [1, 7, 8, 9, 11], "summary": {"covered_lines": 4, "num_statements": 4, "percent_covered": 100.0, "percent_covered_display": "100", "missing_lines": 0, "excluded_lines": 0}, "missing_lines": [], "excluded_lines": [], "functions": {"": {"executed_lines": [1, 7, 8, 9, 11], "summary": {"covered_lines": 4, "num_statements": 4, "percent_covered": 100.0, "percent_covered_display": "100", "missing_lines": 0, "excluded_lines": 0}, "missing_lines": [], "excluded_lines": []}}, "classes": {"": {"executed_lines": [1, 7, 8, 9, 11], "summary": {"covered_lines": 4, "num_statements": 4, "percent_covered": 100.0, "percent_covered_display": "100", "missing_lines": 0, "excluded_lines": 0}, "missing_lines": [], "excluded_lines": []}}}, "luca_core/context/base_store.py": {"executed_lines": [1, 7, 8, 9, 11, 13, 24, 27, 28, 30, 31, 36, 38, 39, 46, 48, 49, 62, 64, 65, 72, 74, 75, 85, 87, 88, 106, 108, 109, 129, 133, 142, 144, 150, 152, 163, 165, 174, 176, 182, 184, 190, 192, 198, 200, 207, 208, 209, 210, 211, 212, 213, 215, 221, 223, 227, 233, 235, 241], "summary": {"covered_lines": 57, "num_statements": 57, "percent_covered": 100.0, "percent_covered_display": "100", "missing_lines": 0, "excluded_lines": 0}, "missing_lines": [], "excluded_lines": [], "functions": {"BaseContextStore.initialize": {"executed_lines": [36], "summary": {"covered_lines": 1, "num_statements": 1, "percent_covered": 100.0, "percent_covered_display": "100", "missing_lines": 0, "excluded_lines": 0}, "missing_lines": [], "excluded_lines": []}, "BaseContextStore.store": {"executed_lines": [46], "summary": {"covered_lines": 1, "num_statements": 1, "percent_covered": 100.0, "percent_covered_display": "100", "missing_lines": 0, "excluded_lines": 0}, "missing_lines": [], "excluded_lines": []}, "BaseContextStore.fetch": {"executed_lines": [62], "summary": {"covered_lines": 1, "num_statements": 1, "percent_covered": 100.0, "percent_covered_display": "100", "missing_lines": 0, "excluded_lines": 0}, "missing_lines": [], "excluded_lines": []}, "BaseContextStore.update": {"executed_lines": [72], "summary": {"covered_lines": 1, "num_statements": 1, "percent_covered": 100.0, "percent_covered_display": "100", "missing_lines": 0, "excluded_lines": 0}, "missing_lines": [], "excluded_lines": []}, "BaseContextStore.delete": {"executed_lines": [85], "summary": {"covered_lines": 1, "num_statements": 1, "percent_covered": 100.0, "percent_covered_display": "100", "missing_lines": 0, "excluded_lines": 0}, "missing_lines": [], "excluded_lines": []}, "BaseContextStore.list": {"executed_lines": [106], "summary": {"covered_lines": 1, "num_statements": 1, "percent_covered": 100.0, "percent_covered_display": "100", "missing_lines": 0, "excluded_lines": 0}, "missing_lines": [], "excluded_lines": []}, "BaseContextStore.query": {"executed_lines": [129], "summary": {"covered_lines": 1, "num_statements": 1, "percent_covered": 100.0, "percent_covered_display": "100", "missing_lines": 0, "excluded_lines": 0}, "missing_lines": [], "excluded_lines": []}, "BaseContextStore.get_conversation_history": {"executed_lines": [142], "summary": {"covered_lines": 1, "num_statements": 1, "percent_covered": 100.0, "percent_covered_display": "100", "missing_lines": 0, "excluded_lines": 0}, "missing_lines": [], "excluded_lines": []}, "BaseContextStore.get_pending_tasks": {"executed_lines": [150], "summary": {"covered_lines": 1, "num_statements": 1, "percent_covered": 100.0, "percent_covered_display": "100", "missing_lines": 0, "excluded_lines": 0}, "missing_lines": [], "excluded_lines": []}, "BaseContextStore.get_user_preferences": {"executed_lines": [163], "summary": {"covered_lines": 1, "num_statements": 1, "percent_covered": 100.0, "percent_covered_display": "100", "missing_lines": 0, "excluded_lines": 0}, "missing_lines": [], "excluded_lines": []}, "BaseContextStore.get_project": {"executed_lines": [174], "summary": {"covered_lines": 1, "num_statements": 1, "percent_covered": 100.0, "percent_covered_display": "100", "missing_lines": 0, "excluded_lines": 0}, "missing_lines": [], "excluded_lines": []}, "BaseContextStore.record_metric": {"executed_lines": [182], "summary": {"covered_lines": 1, "num_statements": 1, "percent_covered": 100.0, "percent_covered_display": "100", "missing_lines": 0, "excluded_lines": 0}, "missing_lines": [], "excluded_lines": []}, "BaseContextStore.store_message": {"executed_lines": [190], "summary": {"covered_lines": 1, "num_statements": 1, "percent_covered": 100.0, "percent_covered_display": "100", "missing_lines": 0, "excluded_lines": 0}, "missing_lines": [], "excluded_lines": []}, "BaseContextStore.store_task": {"executed_lines": [198], "summary": {"covered_lines": 1, "num_statements": 1, "percent_covered": 100.0, "percent_covered_display": "100", "missing_lines": 0, "excluded_lines": 0}, "missing_lines": [], "excluded_lines": []}, "BaseContextStore.update_task_status": {"executed_lines": [207, 208, 209, 210, 211, 212, 213], "summary": {"covered_lines": 7, "num_statements": 7, "percent_covered": 100.0, "percent_covered_display": "100", "missing_lines": 0, "excluded_lines": 0}, "missing_lines": [], "excluded_lines": []}, "BaseContextStore.store_task_result": {"executed_lines": [221, 223], "summary": {"covered_lines": 2, "num_statements": 2, "percent_covered": 100.0, "percent_covered_display": "100", "missing_lines": 0, "excluded_lines": 0}, "missing_lines": [], "excluded_lines": []}, "BaseContextStore.request_clarification": {"executed_lines": [233], "summary": {"covered_lines": 1, "num_statements": 1, "percent_covered": 100.0, "percent_covered_display": "100", "missing_lines": 0, "excluded_lines": 0}, "missing_lines": [], "excluded_lines": []}, "BaseContextStore.get_pending_clarification_requests": {"executed_lines": [241], "summary": {"covered_lines": 1, "num_statements": 1, "percent_covered": 100.0, "percent_covered_display": "100", "missing_lines": 0, "excluded_lines": 0}, "missing_lines": [], "excluded_lines": []}, "": {"executed_lines": [1, 7, 8, 9, 11, 13, 24, 27, 28, 30, 31, 38, 39, 48, 49, 64, 65, 74, 75, 87, 88, 108, 109, 133, 144, 152, 165, 176, 184, 192, 200, 215, 227, 235], "summary": {"covered_lines": 32, "num_statements": 32, "percent_covered": 100.0, "percent_covered_display": "100", "missing_lines": 0, "excluded_lines": 0}, "missing_lines": [], "excluded_lines": []}}, "classes": {"BaseContextStore": {"executed_lines": [36, 46, 62, 72, 85, 106, 129, 142, 150, 163, 174, 182, 190, 198, 207, 208, 209, 210, 211, 212, 213, 221, 223, 233, 241], "summary": {"covered_lines": 25, "num_statements": 25, "percent_covered": 100.0, "percent_covered_display": "100", "missing_lines": 0, "excluded_lines": 0}, "missing_lines": [], "excluded_lines": []}, "": {"executed_lines": [1, 7, 8, 9, 11, 13, 24, 27, 28, 30, 31, 38, 39, 48, 49, 64, 65, 74, 75, 87, 88, 108, 109, 133, 144, 152, 165, 176, 184, 192, 200, 215, 227, 235], "summary": {"covered_lines": 32, "num_statements": 32, "percent_covered": 100.0, "percent_covered_display": "100", "missing_lines": 0, "excluded_lines": 0}, "missing_lines": [], "excluded_lines": []}}}, "luca_core/context/factory.py": {"executed_lines": [1, 7, 8, 9, 11, 12, 15, 30, 32, 33, 35, 36, 37, 41, 43, 46, 48, 51, 70, 71, 73, 76, 78], "summary": {"covered_lines": 22, "num_statements": 22, "percent_covered": 100.0, "percent_covered_display": "100", "missing_lines": 0, "excluded_lines": 0}, "missing_lines": [], "excluded_lines": [], "functions": {"create_async_context_store": {"executed_lines": [30, 32, 33, 35, 36, 37, 41, 43, 46, 48], "summary": {"covered_lines": 10, "num_statements": 10, "percent_covered": 100.0, "percent_covered_display": "100", "missing_lines": 0, "excluded_lines": 0}, "missing_lines": [], "excluded_lines": []}, "create_context_store": {"executed_lines": [70, 71, 73, 76, 78], "summary": {"covered_lines": 5, "num_statements": 5, "percent_covered": 100.0, "percent_covered_display": "100", "missing_lines": 0, "excluded_lines": 0}, "missing_lines": [], "excluded_lines": []}, "": {"executed_lines": [1, 7, 8, 9, 11, 12, 15, 51], "summary": {"covered_lines": 7, "num_statements": 7, "percent_covered": 100.0, "percent_covered_display": "100", "missing_lines": 0, "excluded_lines": 0}, "missing_lines": [], "excluded_lines": []}}, "classes": {"": {"executed_lines": [1, 7, 8, 9, 11, 12, 15, 30, 32, 33, 35, 36, 37, 41, 43, 46, 48, 51, 70, 71, 73, 76, 78], "summary": {"covered_lines": 22, "num_statements": 22, "percent_covered": 100.0, "percent_covered_display": "100", "missing_lines": 0, "excluded_lines": 0}, "missing_lines": [], "excluded_lines": []}}}, "luca_core/context/sqlite_store.py": {"executed_lines": [1, 7, 8, 9, 10, 11, 12, 13, 14, 16, 18, 19, 21, 23, 26, 27, 29, 36, 37, 38, 39, 40, 42, 48, 51, 52, 55, 56, 70, 83, 86, 90, 93, 94, 96, 98, 99, 100, 101, 102, 103, 105, 107, 108, 109, 111, 113, 114, 115, 116, 117, 118, 119, 120, 122, 124, 125, 127, 128, 130, 132, 133, 135, 137, 138, 140, 142, 144, 146, 148, 150, 152, 153, 154, 156, 158, 159, 169, 170, 179, 181, 185, 187, 188, 189, 198, 199, 200, 202, 203, 204, 205, 206, 208, 210, 211, 212, 214, 216, 217, 227, 228, 237, 239, 243, 245, 247, 248, 257, 265, 267, 275, 277, 278, 279, 294, 295, 296, 297, 298, 299, 300, 302, 304, 318, 321, 322, 323, 324, 325, 326, 327, 329, 330, 333], "summary": {"covered_lines": 133, "num_statements": 133, "percent_covered": 100.0, "percent_covered_display": "100", "missing_lines": 0, "excluded_lines": 0}, "missing_lines": [], "excluded_lines": [], "functions": {"SQLiteContextStore.__init__": {"executed_lines": [36, 37, 38, 39, 40], "summary": {"covered_lines": 5, "num_statements": 5, "percent_covered": 100.0, "percent_covered_display": "100", "missing_lines": 0, "excluded_lines": 0}, "missing_lines": [], "excluded_lines": []}, "SQLiteContextStore.initialize": {"executed_lines": [48, 51, 52, 55, 56, 70, 83, 86, 90, 93, 94], "summary": {"covered_lines": 11, "num_statements": 11, "percent_covered": 100.0, "percent_covered_display": "100", "missing_lines": 0, "excluded_lines": 0}, "missing_lines": [], "excluded_lines": []}, "SQLiteContextStore.close": {"executed_lines": [98, 99, 100, 101, 102, 103, 105, 107, 108, 109], "summary": {"covered_lines": 10, "num_statements": 10, "percent_covered": 100.0, "percent_covered_display": "100", "missing_lines": 0, "excluded_lines": 0}, "missing_lines": [], "excluded_lines": []}, "SQLiteContextStore._backup_loop": {"executed_lines": [113, 114, 115, 116, 117, 118, 119, 120], "summary": {"covered_lines": 8, "num_statements": 8, "percent_covered": 100.0, "percent_covered_display": "100", "missing_lines": 0, "excluded_lines": 0}, "missing_lines": [], "excluded_lines": []}, "SQLiteContextStore._create_backup": {"executed_lines": [124, 125, 127, 128, 130, 132, 133, 135, 137, 138, 140], "summary": {"covered_lines": 11, "num_statements": 11, "percent_covered": 100.0, "percent_covered_display": "100", "missing_lines": 0, "excluded_lines": 0}, "missing_lines": [], "excluded_lines": []}, "SQLiteContextStore._serialize_model": {"executed_lines": [144], "summary": {"covered_lines": 1, "num_statements": 1, "percent_covered": 100.0, "percent_covered_display": "100", "missing_lines": 0, "excluded_lines": 0}, "missing_lines": [], "excluded_lines": []}, "SQLiteContextStore._deserialize_model": {"executed_lines": [148], "summary": {"covered_lines": 1, "num_statements": 1, "percent_covered": 100.0, "percent_covered_display": "100", "missing_lines": 0, "excluded_lines": 0}, "missing_lines": [], "excluded_lines": []}, "SQLiteContextStore.store": {"executed_lines": [152, 153, 154, 156, 158, 159, 169, 170, 179], "summary": {"covered_lines": 9, "num_statements": 9, "percent_covered": 100.0, "percent_covered_display": "100", "missing_lines": 0, "excluded_lines": 0}, "missing_lines": [], "excluded_lines": []}, "SQLiteContextStore.fetch": {"executed_lines": [185, 187, 188, 189, 198, 199, 200, 202, 203, 204, 205, 206], "summary": {"covered_lines": 12, "num_statements": 12, "percent_covered": 100.0, "percent_covered_display": "100", "missing_lines": 0, "excluded_lines": 0}, "missing_lines": [], "excluded_lines": []}, "SQLiteContextStore.update": {"executed_lines": [210, 211, 212, 214, 216, 217, 227, 228, 237], "summary": {"covered_lines": 9, "num_statements": 9, "percent_covered": 100.0, "percent_covered_display": "100", "missing_lines": 0, "excluded_lines": 0}, "missing_lines": [], "excluded_lines": []}, "SQLiteContextStore.delete": {"executed_lines": [243, 245, 247, 248, 257, 265], "summary": {"covered_lines": 6, "num_statements": 6, "percent_covered": 100.0, "percent_covered_display": "100", "missing_lines": 0, "excluded_lines": 0}, "missing_lines": [], "excluded_lines": []}, "SQLiteContextStore.list": {"executed_lines": [275, 277, 278, 279, 294, 295, 296, 297, 298, 299, 300, 302], "summary": {"covered_lines": 12, "num_statements": 12, "percent_covered": 100.0, "percent_covered_display": "100", "missing_lines": 0, "excluded_lines": 0}, "missing_lines": [], "excluded_lines": []}, "SQLiteContextStore.query": {"executed_lines": [318, 321, 322, 323, 324, 325, 326, 327, 329, 330, 333], "summary": {"covered_lines": 11, "num_statements": 11, "percent_covered": 100.0, "percent_covered_display": "100", "missing_lines": 0, "excluded_lines": 0}, "missing_lines": [], "excluded_lines": []}, "": {"executed_lines": [1, 7, 8, 9, 10, 11, 12, 13, 14, 16, 18, 19, 21, 23, 26, 27, 29, 42, 96, 111, 122, 142, 146, 150, 181, 208, 239, 267, 304], "summary": {"covered_lines": 27, "num_statements": 27, "percent_covered": 100.0, "percent_covered_display": "100", "missing_lines": 0, "excluded_lines": 0}, "missing_lines": [], "excluded_lines": []}}, "classes": {"SQLiteContextStore": {"executed_lines": [36, 37, 38, 39, 40, 48, 51, 52, 55, 56, 70, 83, 86, 90, 93, 94, 98, 99, 100, 101, 102, 103, 105, 107, 108, 109, 113, 114, 115, 116, 117, 118, 119, 120, 124, 125, 127, 128, 130, 132, 133, 135, 137, 138, 140, 144, 148, 152, 153, 154, 156, 158, 159, 169, 170, 179, 185, 187, 188, 189, 198, 199, 200, 202, 203, 204, 205, 206, 210, 211, 212, 214, 216, 217, 227, 228, 237, 243, 245, 247, 248, 257, 265, 275, 277, 278, 279, 294, 295, 296, 297, 298, 299, 300, 302, 318, 321, 322, 323, 324, 325, 326, 327, 329, 330, 333], "summary": {"covered_lines": 106, "num_statements": 106, "percent_covered": 100.0, "percent_covered_display": "100", "missing_lines": 0, "excluded_lines": 0}, "missing_lines": [], "excluded_lines": []}, "": {"executed_lines": [1, 7, 8, 9, 10, 11, 12, 13, 14, 16, 18, 19, 21, 23, 26, 27, 29, 42, 96, 111, 122, 142, 146, 150, 181, 208, 239, 267, 304], "summary": {"covered_lines": 27, "num_statements": 27, "percent_covered": 100.0, "percent_covered_display": "100", "missing_lines": 0, "excluded_lines": 0}, "missing_lines": [], "excluded_lines": []}}}, "luca_core/context/store.py": {"executed_lines": [1, 8, 9, 10, 11, 12, 14, 16, 28, 31, 32, 40, 47, 48, 49, 51, 53, 54, 56, 58, 60, 62, 64, 75, 86, 98, 109, 119, 129, 141, 144, 147, 150, 153, 156, 160, 173, 174, 183, 185, 195, 196, 199, 200, 201, 202, 204, 214, 215, 224, 226, 236, 237, 240, 241, 242, 243, 245, 256, 257, 267, 269, 279, 280, 281, 282, 283, 284, 286, 296, 297, 306, 308, 318, 319, 322, 323, 324, 325, 327, 337, 338, 342, 344, 354, 355, 358, 359, 360, 361, 363, 376, 377, 381, 383, 393, 394, 397, 398, 399, 400, 404, 414, 415, 416, 425, 427, 437, 438, 439, 442, 443, 444, 446, 456, 457, 458, 462, 463, 464, 466, 476, 477, 478, 482, 483, 484, 486, 493, 494, 495, 502, 503, 504, 507, 509, 520, 521, 522, 525, 526, 527, 528, 530, 534, 535, 536, 537, 538, 539, 540, 541], "summary": {"covered_lines": 150, "num_statements": 150, "percent_covered": 100.0, "percent_covered_display": "100", "missing_lines": 0, "excluded_lines": 0}, "missing_lines": [], "excluded_lines": [], "functions": {"ContextStore.__init__": {"executed_lines": [47, 48, 49], "summary": {"covered_lines": 3, "num_statements": 3, "percent_covered": 100.0, "percent_covered_display": "100", "missing_lines": 0, "excluded_lines": 0}, "missing_lines": [], "excluded_lines": []}, "ContextStore._ensure_db_exists": {"executed_lines": [53, 54], "summary": {"covered_lines": 2, "num_statements": 2, "percent_covered": 100.0, "percent_covered_display": "100", "missing_lines": 0, "excluded_lines": 0}, "missing_lines": [], "excluded_lines": []}, "ContextStore._get_connection": {"executed_lines": [58], "summary": {"covered_lines": 1, "num_statements": 1, "percent_covered": 100.0, "percent_covered_display": "100", "missing_lines": 0, "excluded_lines": 0}, "missing_lines": [], "excluded_lines": []}, "ContextStore._setup_tables": {"executed_lines": [62, 64, 75, 86, 98, 109, 119, 129, 141, 144, 147, 150, 153, 156], "summary": {"covered_lines": 14, "num_statements": 14, "percent_covered": 100.0, "percent_covered_display": "100", "missing_lines": 0, "excluded_lines": 0}, "missing_lines": [], "excluded_lines": []}, "ContextStore.store_message": {"executed_lines": [173, 174, 183], "summary": {"covered_lines": 3, "num_statements": 3, "percent_covered": 100.0, "percent_covered_display": "100", "missing_lines": 0, "excluded_lines": 0}, "missing_lines": [], "excluded_lines": []}, "ContextStore.get_message": {"executed_lines": [195, 196, 199, 200, 201, 202], "summary": {"covered_lines": 6, "num_statements": 6, "percent_covered": 100.0, "percent_covered_display": "100", "missing_lines": 0, "excluded_lines": 0}, "missing_lines": [], "excluded_lines": []}, "ContextStore.store_conversation": {"executed_lines": [214, 215, 224], "summary": {"covered_lines": 3, "num_statements": 3, "percent_covered": 100.0, "percent_covered_display": "100", "missing_lines": 0, "excluded_lines": 0}, "missing_lines": [], "excluded_lines": []}, "ContextStore.get_conversation": {"executed_lines": [236, 237, 240, 241, 242, 243], "summary": {"covered_lines": 6, "num_statements": 6, "percent_covered": 100.0, "percent_covered_display": "100", "missing_lines": 0, "excluded_lines": 0}, "missing_lines": [], "excluded_lines": []}, "ContextStore.store_task": {"executed_lines": [256, 257, 267], "summary": {"covered_lines": 3, "num_statements": 3, "percent_covered": 100.0, "percent_covered_display": "100", "missing_lines": 0, "excluded_lines": 0}, "missing_lines": [], "excluded_lines": []}, "ContextStore.get_task": {"executed_lines": [279, 280, 281, 282, 283, 284], "summary": {"covered_lines": 6, "num_statements": 6, "percent_covered": 100.0, "percent_covered_display": "100", "missing_lines": 0, "excluded_lines": 0}, "missing_lines": [], "excluded_lines": []}, "ContextStore.store_task_result": {"executed_lines": [296, 297, 306], "summary": {"covered_lines": 3, "num_statements": 3, "percent_covered": 100.0, "percent_covered_display": "100", "missing_lines": 0, "excluded_lines": 0}, "missing_lines": [], "excluded_lines": []}, "ContextStore.get_task_result": {"executed_lines": [318, 319, 322, 323, 324, 325], "summary": {"covered_lines": 6, "num_statements": 6, "percent_covered": 100.0, "percent_covered_display": "100", "missing_lines": 0, "excluded_lines": 0}, "missing_lines": [], "excluded_lines": []}, "ContextStore.store_project": {"executed_lines": [337, 338, 342], "summary": {"covered_lines": 3, "num_statements": 3, "percent_covered": 100.0, "percent_covered_display": "100", "missing_lines": 0, "excluded_lines": 0}, "missing_lines": [], "excluded_lines": []}, "ContextStore.get_project": {"executed_lines": [354, 355, 358, 359, 360, 361], "summary": {"covered_lines": 6, "num_statements": 6, "percent_covered": 100.0, "percent_covered_display": "100", "missing_lines": 0, "excluded_lines": 0}, "missing_lines": [], "excluded_lines": []}, "ContextStore.store_user_preferences": {"executed_lines": [376, 377, 381], "summary": {"covered_lines": 3, "num_statements": 3, "percent_covered": 100.0, "percent_covered_display": "100", "missing_lines": 0, "excluded_lines": 0}, "missing_lines": [], "excluded_lines": []}, "ContextStore.get_user_preferences": {"executed_lines": [393, 394, 397, 398, 399, 400], "summary": {"covered_lines": 6, "num_statements": 6, "percent_covered": 100.0, "percent_covered_display": "100", "missing_lines": 0, "excluded_lines": 0}, "missing_lines": [], "excluded_lines": []}, "ContextStore.store_metric": {"executed_lines": [414, 415, 416, 425], "summary": {"covered_lines": 4, "num_statements": 4, "percent_covered": 100.0, "percent_covered_display": "100", "missing_lines": 0, "excluded_lines": 0}, "missing_lines": [], "excluded_lines": []}, "ContextStore.get_metrics_for_task": {"executed_lines": [437, 438, 439, 442, 443, 444], "summary": {"covered_lines": 6, "num_statements": 6, "percent_covered": 100.0, "percent_covered_display": "100", "missing_lines": 0, "excluded_lines": 0}, "missing_lines": [], "excluded_lines": []}, "ContextStore.get_conversation_messages": {"executed_lines": [456, 457, 458, 462, 463, 464], "summary": {"covered_lines": 6, "num_statements": 6, "percent_covered": 100.0, "percent_covered_display": "100", "missing_lines": 0, "excluded_lines": 0}, "missing_lines": [], "excluded_lines": []}, "ContextStore.get_project_conversations": {"executed_lines": [476, 477, 478, 482, 483, 484], "summary": {"covered_lines": 6, "num_statements": 6, "percent_covered": 100.0, "percent_covered_display": "100", "missing_lines": 0, "excluded_lines": 0}, "missing_lines": [], "excluded_lines": []}, "ContextStore.get_active_tasks": {"executed_lines": [493, 494, 495, 502, 503, 504, 507], "summary": {"covered_lines": 7, "num_statements": 7, "percent_covered": 100.0, "percent_covered_display": "100", "missing_lines": 0, "excluded_lines": 0}, "missing_lines": [], "excluded_lines": []}, "ContextStore.update_task_status": {"executed_lines": [520, 521, 522, 525, 526, 527, 528], "summary": {"covered_lines": 7, "num_statements": 7, "percent_covered": 100.0, "percent_covered_display": "100", "missing_lines": 0, "excluded_lines": 0}, "missing_lines": [], "excluded_lines": []}, "ContextStore.clear_all_data": {"executed_lines": [534, 535, 536, 537, 538, 539, 540, 541], "summary": {"covered_lines": 8, "num_statements": 8, "percent_covered": 100.0, "percent_covered_display": "100", "missing_lines": 0, "excluded_lines": 0}, "missing_lines": [], "excluded_lines": []}, "": {"executed_lines": [1, 8, 9, 10, 11, 12, 14, 16, 28, 31, 32, 40, 51, 56, 60, 160, 185, 204, 226, 245, 269, 286, 308, 327, 344, 363, 383, 404, 427, 446, 466, 486, 509, 530], "summary": {"covered_lines": 32, "num_statements": 32, "percent_covered": 100.0, "percent_covered_display": "100", "missing_lines": 0, "excluded_lines": 0}, "missing_lines": [], "excluded_lines": []}}, "classes": {"ContextStore": {"executed_lines": [47, 48, 49, 53, 54, 58, 62, 64, 75, 86, 98, 109, 119, 129, 141, 144, 147, 150, 153, 156, 173, 174, 183, 195, 196, 199, 200, 201, 202, 214, 215, 224, 236, 237, 240, 241, 242, 243, 256, 257, 267, 279, 280, 281, 282, 283, 284, 296, 297, 306, 318, 319, 322, 323, 324, 325, 337, 338, 342, 354, 355, 358, 359, 360, 361, 376, 377, 381, 393, 394, 397, 398, 399, 400, 414, 415, 416, 425, 437, 438, 439, 442, 443, 444, 456, 457, 458, 462, 463, 464, 476, 477, 478, 482, 483, 484, 493, 494, 495, 502, 503, 504, 507, 520, 521, 522, 525, 526, 527, 528, 534, 535, 536, 537, 538, 539, 540, 541], "summary": {"covered_lines": 118, "num_statements": 118, "percent_covered": 100.0, "percent_covered_display": "100", "missing_lines": 0, "excluded_lines": 0}, "missing_lines": [], "excluded_lines": []}, "": {"executed_lines": [1, 8, 9, 10, 11, 12, 14, 16, 28, 31, 32, 40, 51, 56, 60, 160, 185, 204, 226, 245, 269, 286, 308, 327, 344, 363, 383, 404, 427, 446, 466, 486, 509, 530], "summary": {"covered_lines": 32, "num_statements": 32, "percent_covered": 100.0, "percent_covered_display": "100", "missing_lines": 0, "excluded_lines": 0}, "missing_lines": [], "excluded_lines": []}}}, "luca_core/error/__init__.py": {"executed_lines": [1, 7, 9], "summary": {"covered_lines": 2, "num_statements": 2, "percent_covered": 100.0, "percent_covered_display": "100", "missing_lines": 0, "excluded_lines": 0}, "missing_lines": [], "excluded_lines": [], "functions": {"": {"executed_lines": [1, 7, 9], "summary": {"covered_lines": 2, "num_statements": 2, "percent_covered": 100.0, "percent_covered_display": "100", "missing_lines": 0, "excluded_lines": 0}, "missing_lines": [], "excluded_lines": []}}, "classes": {"": {"executed_lines": [1, 7, 9], "summary": {"covered_lines": 2, "num_statements": 2, "percent_covered": 100.0, "percent_covered_display": "100", "missing_lines": 0, "excluded_lines": 0}, "missing_lines": [], "excluded_lines": []}}}, "luca_core/error/handler.py": {"executed_lines": [1, 7, 8, 9, 10, 12, 14, 16, 19, 20, 22, 24, 25, 27, 36, 38, 45, 46, 49, 50, 53, 54, 58, 63, 67, 70, 71, 72, 73, 74, 75, 77, 82, 84, 90, 94, 97, 125, 126, 127, 128, 129, 130, 132, 140, 141, 142, 143, 146, 156, 159, 160, 163, 165, 167], "summary": {"covered_lines": 53, "num_statements": 53, "percent_covered": 100.0, "percent_covered_display": "100", "missing_lines": 0, "excluded_lines": 0}, "missing_lines": [], "excluded_lines": [], "functions": {"ErrorHandler.__init__": {"executed_lines": [24, 25], "summary": {"covered_lines": 2, "num_statements": 2, "percent_covered": 100.0, "percent_covered_display": "100", "missing_lines": 0, "excluded_lines": 0}, "missing_lines": [], "excluded_lines": []}, "ErrorHandler.register_handler": {"executed_lines": [36], "summary": {"covered_lines": 1, "num_statements": 1, "percent_covered": 100.0, "percent_covered_display": "100", "missing_lines": 0, "excluded_lines": 0}, "missing_lines": [], "excluded_lines": []}, "ErrorHandler.handle_error": {"executed_lines": [45, 46, 49, 50, 53, 54, 58, 63, 67, 70, 71, 72, 73, 74, 75], "summary": {"covered_lines": 15, "num_statements": 15, "percent_covered": 100.0, "percent_covered_display": "100", "missing_lines": 0, "excluded_lines": 0}, "missing_lines": [], "excluded_lines": []}, "ErrorHandler._send_telemetry": {"executed_lines": [82], "summary": {"covered_lines": 1, "num_statements": 1, "percent_covered": 100.0, "percent_covered_display": "100", "missing_lines": 0, "excluded_lines": 0}, "missing_lines": [], "excluded_lines": []}, "ErrorHandler.enable_telemetry": {"executed_lines": [90], "summary": {"covered_lines": 1, "num_statements": 1, "percent_covered": 100.0, "percent_covered_display": "100", "missing_lines": 0, "excluded_lines": 0}, "missing_lines": [], "excluded_lines": []}, "handle_exceptions": {"executed_lines": [125, 126, 167], "summary": {"covered_lines": 3, "num_statements": 3, "percent_covered": 100.0, "percent_covered_display": "100", "missing_lines": 0, "excluded_lines": 0}, "missing_lines": [], "excluded_lines": []}, "handle_exceptions.decorator": {"executed_lines": [127, 165], "summary": {"covered_lines": 2, "num_statements": 2, "percent_covered": 100.0, "percent_covered_display": "100", "missing_lines": 0, "excluded_lines": 0}, "missing_lines": [], "excluded_lines": []}, "handle_exceptions.decorator.wrapper": {"executed_lines": [128, 129, 130, 132, 140, 141, 142, 143, 146, 156, 159, 160, 163], "summary": {"covered_lines": 13, "num_statements": 13, "percent_covered": 100.0, "percent_covered_display": "100", "missing_lines": 0, "excluded_lines": 0}, "missing_lines": [], "excluded_lines": []}, "": {"executed_lines": [1, 7, 8, 9, 10, 12, 14, 16, 19, 20, 22, 27, 38, 77, 84, 94, 97], "summary": {"covered_lines": 15, "num_statements": 15, "percent_covered": 100.0, "percent_covered_display": "100", "missing_lines": 0, "excluded_lines": 0}, "missing_lines": [], "excluded_lines": []}}, "classes": {"ErrorHandler": {"executed_lines": [24, 25, 36, 45, 46, 49, 50, 53, 54, 58, 63, 67, 70, 71, 72, 73, 74, 75, 82, 90], "summary": {"covered_lines": 20, "num_statements": 20, "percent_covered": 100.0, "percent_covered_display": "100", "missing_lines": 0, "excluded_lines": 0}, "missing_lines": [], "excluded_lines": []}, "": {"executed_lines": [1, 7, 8, 9, 10, 12, 14, 16, 19, 20, 22, 27, 38, 77, 84, 94, 97, 125, 126, 127, 128, 129, 130, 132, 140, 141, 142, 143, 146, 156, 159, 160, 163, 165, 167], "summary": {"covered_lines": 33, "num_statements": 33, "percent_covered": 100.0, "percent_covered_display": "100", "missing_lines": 0, "excluded_lines": 0}, "missing_lines": [], "excluded_lines": []}}}, "luca_core/manager/__init__.py": {"executed_lines": [0], "summary": {"covered_lines": 0, "num_statements": 0, "percent_covered": 100.0, "percent_covered_display": "100", "missing_lines": 0, "excluded_lines": 0}, "missing_lines": [], "excluded_lines": [], "functions": {"": {"executed_lines": [], "summary": {"covered_lines": 0, "num_statements": 0, "percent_covered": 100.0, "percent_covered_display": "100", "missing_lines": 0, "excluded_lines": 0}, "missing_lines": [], "excluded_lines": []}}, "classes": {"": {"executed_lines": [], "summary": {"covered_lines": 0, "num_statements": 0, "percent_covered": 100.0, "percent_covered_display": "100", "missing_lines": 0, "excluded_lines": 0}, "missing_lines": [], "excluded_lines": []}}}, "luca_core/manager/manager.py": {"executed_lines": [1, 7, 8, 9, 11, 13, 14, 15, 16, 17, 32, 35, 36, 38, 39, 40, 41, 44, 45, 51, 68, 69, 70, 71, 72, 73, 74, 76, 79, 82, 86, 88, 91, 105, 111, 129, 135, 151, 157, 174, 180, 198, 204, 205, 206, 207, 208, 210, 212, 225, 228, 229, 236, 239, 242, 245, 248, 251, 254, 265, 268, 270, 272, 287, 294, 308, 317, 329, 331, 346, 348, 350, 358, 361, 362, 363, 366, 374, 375, 376, 377, 380, 382, 384, 386, 401, 402, 405, 407, 408, 413, 415, 428, 436, 450, 453, 459, 462], "summary": {"covered_lines": 95, "num_statements": 95, "percent_covered": 100.0, "percent_covered_display": "100", "missing_lines": 0, "excluded_lines": 0}, "missing_lines": [], "excluded_lines": [], "functions": {"LucaManager.__init__": {"executed_lines": [68, 69, 70, 71, 72, 73, 74], "summary": {"covered_lines": 7, "num_statements": 7, "percent_covered": 100.0, "percent_covered_display": "100", "missing_lines": 0, "excluded_lines": 0}, "missing_lines": [], "excluded_lines": []}, "LucaManager.initialize": {"executed_lines": [79, 82, 86], "summary": {"covered_lines": 3, "num_statements": 3, "percent_covered": 100.0, "percent_covered_display": "100", "missing_lines": 0, "excluded_lines": 0}, "missing_lines": [], "excluded_lines": []}, "LucaManager._create_default_agents": {"executed_lines": [91, 105, 111, 129, 135, 151, 157, 174, 180, 198, 204, 205, 206, 207, 208, 210], "summary": {"covered_lines": 16, "num_statements": 16, "percent_covered": 100.0, "percent_covered_display": "100", "missing_lines": 0, "excluded_lines": 0}, "missing_lines": [], "excluded_lines": []}, "LucaManager.process_request": {"executed_lines": [225, 228, 229, 236, 239, 242, 245, 248, 251, 254, 265, 268, 270], "summary": {"covered_lines": 13, "num_statements": 13, "percent_covered": 100.0, "percent_covered_display": "100", "missing_lines": 0, "excluded_lines": 0}, "missing_lines": [], "excluded_lines": []}, "LucaManager._understand": {"executed_lines": [287], "summary": {"covered_lines": 1, "num_statements": 1, "percent_covered": 100.0, "percent_covered_display": "100", "missing_lines": 0, "excluded_lines": 0}, "missing_lines": [], "excluded_lines": []}, "LucaManager._create_plan": {"executed_lines": [308], "summary": {"covered_lines": 1, "num_statements": 1, "percent_covered": 100.0, "percent_covered_display": "100", "missing_lines": 0, "excluded_lines": 0}, "missing_lines": [], "excluded_lines": []}, "LucaManager._select_team": {"executed_lines": [329], "summary": {"covered_lines": 1, "num_statements": 1, "percent_covered": 100.0, "percent_covered_display": "100", "missing_lines": 0, "excluded_lines": 0}, "missing_lines": [], "excluded_lines": []}, "LucaManager._delegate_tasks": {"executed_lines": [346, 348, 350, 358, 361, 362, 363, 366, 374, 375, 376, 377, 380, 382, 384], "summary": {"covered_lines": 15, "num_statements": 15, "percent_covered": 100.0, "percent_covered_display": "100", "missing_lines": 0, "excluded_lines": 0}, "missing_lines": [], "excluded_lines": []}, "LucaManager._aggregate_results": {"executed_lines": [401, 402, 405, 407, 408, 413], "summary": {"covered_lines": 6, "num_statements": 6, "percent_covered": 100.0, "percent_covered_display": "100", "missing_lines": 0, "excluded_lines": 0}, "missing_lines": [], "excluded_lines": []}, "LucaManager._record_metrics": {"executed_lines": [428], "summary": {"covered_lines": 1, "num_statements": 1, "percent_covered": 100.0, "percent_covered_display": "100", "missing_lines": 0, "excluded_lines": 0}, "missing_lines": [], "excluded_lines": []}, "LucaManager.execute_code_securely": {"executed_lines": [450, 453, 459, 462], "summary": {"covered_lines": 4, "num_statements": 4, "percent_covered": 100.0, "percent_covered_display": "100", "missing_lines": 0, "excluded_lines": 0}, "missing_lines": [], "excluded_lines": []}, "": {"executed_lines": [1, 7, 8, 9, 11, 13, 14, 15, 16, 17, 32, 35, 36, 38, 39, 40, 41, 44, 45, 51, 76, 88, 212, 272, 294, 317, 331, 386, 415, 436], "summary": {"covered_lines": 27, "num_statements": 27, "percent_covered": 100.0, "percent_covered_display": "100", "missing_lines": 0, "excluded_lines": 0}, "missing_lines": [], "excluded_lines": []}}, "classes": {"ResponseOptions": {"executed_lines": [], "summary": {"covered_lines": 0, "num_statements": 0, "percent_covered": 100.0, "percent_covered_display": "100", "missing_lines": 0, "excluded_lines": 0}, "missing_lines": [], "excluded_lines": []}, "LucaManager": {"executed_lines": [68, 69, 70, 71, 72, 73, 74, 79, 82, 86, 91, 105, 111, 129, 135, 151, 157, 174, 180, 198, 204, 205, 206, 207, 208, 210, 225, 228, 229, 236, 239, 242, 245, 248, 251, 254, 265, 268, 270, 287, 308, 329, 346, 348, 350, 358, 361, 362, 363, 366, 374, 375, 376, 377, 380, 382, 384, 401, 402, 405, 407, 408, 413, 428, 450, 453, 459, 462], "summary": {"covered_lines": 68, "num_statements": 68, "percent_covered": 100.0, "percent_covered_display": "100", "missing_lines": 0, "excluded_lines": 0}, "missing_lines": [], "excluded_lines": []}, "": {"executed_lines": [1, 7, 8, 9, 11, 13, 14, 15, 16, 17, 32, 35, 36, 38, 39, 40, 41, 44, 45, 51, 76, 88, 212, 272, 294, 317, 331, 386, 415, 436], "summary": {"covered_lines": 27, "num_statements": 27, "percent_covered": 100.0, "percent_covered_display": "100", "missing_lines": 0, "excluded_lines": 0}, "missing_lines": [], "excluded_lines": []}}}, "luca_core/registry/__init__.py": {"executed_lines": [1, 7, 9], "summary": {"covered_lines": 2, "num_statements": 2, "percent_covered": 100.0, "percent_covered_display": "100", "missing_lines": 0, "excluded_lines": 0}, "missing_lines": [], "excluded_lines": [], "functions": {"": {"executed_lines": [1, 7, 9], "summary": {"covered_lines": 2, "num_statements": 2, "percent_covered": 100.0, "percent_covered_display": "100", "missing_lines": 0, "excluded_lines": 0}, "missing_lines": [], "excluded_lines": []}}, "classes": {"": {"executed_lines": [1, 7, 9], "summary": {"covered_lines": 2, "num_statements": 2, "percent_covered": 100.0, "percent_covered_display": "100", "missing_lines": 0, "excluded_lines": 0}, "missing_lines": [], "excluded_lines": []}}}, "luca_core/registry/registry.py": {"executed_lines": [1, 7, 8, 9, 10, 12, 22, 25, 26, 31, 35, 41, 42, 53, 95, 97, 98, 99, 102, 103, 105, 106, 107, 112, 114, 115, 116, 118, 129, 130, 131, 132, 133, 134, 136, 152, 155, 163, 168, 176, 177, 180, 183, 186, 188, 190, 197, 198, 200, 201, 203, 205, 214, 215, 216, 219, 220, 222, 223, 224, 226, 235, 237, 243, 245, 256, 257, 258, 259, 260, 262, 268, 277, 283, 298, 299, 300, 303, 304, 306, 307, 310, 313, 314, 315, 318, 319, 320, 321, 324, 325, 328, 329, 330, 331, 334, 335, 336, 341, 342, 344, 345, 346, 354, 358, 361, 377, 378, 380], "summary": {"covered_lines": 107, "num_statements": 107, "percent_covered": 100.0, "percent_covered_display": "100", "missing_lines": 0, "excluded_lines": 0}, "missing_lines": [], "excluded_lines": [], "functions": {"ToolRegistry.__init__": {"executed_lines": [41, 42], "summary": {"covered_lines": 2, "num_statements": 2, "percent_covered": 100.0, "percent_covered_display": "100", "missing_lines": 0, "excluded_lines": 0}, "missing_lines": [], "excluded_lines": []}, "ToolRegistry.register": {"executed_lines": [95, 188], "summary": {"covered_lines": 2, "num_statements": 2, "percent_covered": 100.0, "percent_covered_display": "100", "missing_lines": 0, "excluded_lines": 0}, "missing_lines": [], "excluded_lines": []}, "ToolRegistry.register.decorator": {"executed_lines": [97, 98, 99, 102, 103, 105, 106, 107, 112, 114, 115, 116, 118, 129, 130, 131, 132, 133, 134, 136, 152, 155, 163, 168, 176, 177, 180, 183, 186], "summary": {"covered_lines": 29, "num_statements": 29, "percent_covered": 100.0, "percent_covered_display": "100", "missing_lines": 0, "excluded_lines": 0}, "missing_lines": [], "excluded_lines": []}, "ToolRegistry.register_function": {"executed_lines": [197, 198], "summary": {"covered_lines": 2, "num_statements": 2, "percent_covered": 100.0, "percent_covered_display": "100", "missing_lines": 0, "excluded_lines": 0}, "missing_lines": [], "excluded_lines": []}, "ToolRegistry.reset": {"executed_lines": [203], "summary": {"covered_lines": 1, "num_statements": 1, "percent_covered": 100.0, "percent_covered_display": "100", "missing_lines": 0, "excluded_lines": 0}, "missing_lines": [], "excluded_lines": []}, "ToolRegistry.unregister": {"executed_lines": [214, 215, 216, 219, 220, 222, 223, 224], "summary": {"covered_lines": 8, "num_statements": 8, "percent_covered": 100.0, "percent_covered_display": "100", "missing_lines": 0, "excluded_lines": 0}, "missing_lines": [], "excluded_lines": []}, "ToolRegistry.get_tool": {"executed_lines": [235], "summary": {"covered_lines": 1, "num_statements": 1, "percent_covered": 100.0, "percent_covered_display": "100", "missing_lines": 0, "excluded_lines": 0}, "missing_lines": [], "excluded_lines": []}, "ToolRegistry.list_tools": {"executed_lines": [243], "summary": {"covered_lines": 1, "num_statements": 1, "percent_covered": 100.0, "percent_covered_display": "100", "missing_lines": 0, "excluded_lines": 0}, "missing_lines": [], "excluded_lines": []}, "ToolRegistry.get_tools_by_category": {"executed_lines": [256, 257, 258, 259, 260, 262], "summary": {"covered_lines": 6, "num_statements": 6, "percent_covered": 100.0, "percent_covered_display": "100", "missing_lines": 0, "excluded_lines": 0}, "missing_lines": [], "excluded_lines": []}, "ToolRegistry.get_tools_by_domain": {"executed_lines": [277], "summary": {"covered_lines": 1, "num_statements": 1, "percent_covered": 100.0, "percent_covered_display": "100", "missing_lines": 0, "excluded_lines": 0}, "missing_lines": [], "excluded_lines": []}, "ToolRegistry.execute_tool": {"executed_lines": [298, 299, 300, 303, 304, 306, 307, 310, 313, 314, 315, 318, 319, 320, 321, 324, 325, 328, 329, 330, 331, 334, 335, 336, 341, 342, 344, 345, 346, 354], "summary": {"covered_lines": 30, "num_statements": 30, "percent_covered": 100.0, "percent_covered_display": "100", "missing_lines": 0, "excluded_lines": 0}, "missing_lines": [], "excluded_lines": []}, "tool": {"executed_lines": [377, 378, 380], "summary": {"covered_lines": 3, "num_statements": 3, "percent_covered": 100.0, "percent_covered_display": "100", "missing_lines": 0, "excluded_lines": 0}, "missing_lines": [], "excluded_lines": []}, "": {"executed_lines": [1, 7, 8, 9, 10, 12, 22, 25, 26, 31, 35, 53, 190, 200, 201, 205, 226, 237, 245, 268, 283, 358, 361], "summary": {"covered_lines": 21, "num_statements": 21, "percent_covered": 100.0, "percent_covered_display": "100", "missing_lines": 0, "excluded_lines": 0}, "missing_lines": [], "excluded_lines": []}}, "classes": {"ToolRegistry": {"executed_lines": [41, 42, 95, 97, 98, 99, 102, 103, 105, 106, 107, 112, 114, 115, 116, 118, 129, 130, 131, 132, 133, 134, 136, 152, 155, 163, 168, 176, 177, 180, 183, 186, 188, 197, 198, 203, 214, 215, 216, 219, 220, 222, 223, 224, 235, 243, 256, 257, 258, 259, 260, 262, 277, 298, 299, 300, 303, 304, 306, 307, 310, 313, 314, 315, 318, 319, 320, 321, 324, 325, 328, 329, 330, 331, 334, 335, 336, 341, 342, 344, 345, 346, 354], "summary": {"covered_lines": 83, "num_statements": 83, "percent_covered": 100.0, "percent_covered_display": "100", "missing_lines": 0, "excluded_lines": 0}, "missing_lines": [], "excluded_lines": []}, "": {"executed_lines": [1, 7, 8, 9, 10, 12, 22, 25, 26, 31, 35, 53, 190, 200, 201, 205, 226, 237, 245, 268, 283, 358, 361, 377, 378, 380], "summary": {"covered_lines": 24, "num_statements": 24, "percent_covered": 100.0, "percent_covered_display": "100", "missing_lines": 0, "excluded_lines": 0}, "missing_lines": [], "excluded_lines": []}}}, "luca_core/sandbox/__init__.py": {"executed_lines": [1, 3, 11, 12, 20], "summary": {"covered_lines": 4, "num_statements": 4, "percent_covered": 100.0, "percent_covered_display": "100", "missing_lines": 0, "excluded_lines": 0}, "missing_lines": [], "excluded_lines": [], "functions": {"": {"executed_lines": [1, 3, 11, 12, 20], "summary": {"covered_lines": 4, "num_statements": 4, "percent_covered": 100.0, "percent_covered_display": "100", "missing_lines": 0, "excluded_lines": 0}, "missing_lines": [], "excluded_lines": []}}, "classes": {"": {"executed_lines": [1, 3, 11, 12, 20], "summary": {"covered_lines": 4, "num_statements": 4, "percent_covered": 100.0, "percent_covered_display": "100", "missing_lines": 0, "excluded_lines": 0}, "missing_lines": [], "excluded_lines": []}}}, "luca_core/sandbox/limits.py": {"executed_lines": [1, 8, 9, 12, 13, 14, 20, 21, 24, 27, 28, 31, 34, 35, 38, 40, 42, 54, 56, 68, 70, 84, 92, 105, 118, 127, 128, 129, 130, 132, 135, 136, 139, 140, 141, 142, 144, 145, 151, 152, 157, 158, 160, 161, 166, 167, 169, 170, 175, 176, 178, 179, 180, 181, 183, 184, 186, 187, 189, 190, 192], "summary": {"covered_lines": 58, "num_statements": 58, "percent_covered": 100.0, "percent_covered_display": "100", "missing_lines": 0, "excluded_lines": 0}, "missing_lines": [], "excluded_lines": [], "functions": {"ResourceLimits.to_dict": {"executed_lines": [42], "summary": {"covered_lines": 1, "num_statements": 1, "percent_covered": 100.0, "percent_covered_display": "100", "missing_lines": 0, "excluded_lines": 0}, "missing_lines": [], "excluded_lines": []}, "ResourceLimits.with_network": {"executed_lines": [56], "summary": {"covered_lines": 1, "num_statements": 1, "percent_covered": 100.0, "percent_covered_display": "100", "missing_lines": 0, "excluded_lines": 0}, "missing_lines": [], "excluded_lines": []}, "ResourceLimits.with_extended_timeout": {"executed_lines": [70], "summary": {"covered_lines": 1, "num_statements": 1, "percent_covered": 100.0, "percent_covered_display": "100", "missing_lines": 0, "excluded_lines": 0}, "missing_lines": [], "excluded_lines": []}, "get_limits_for_trust_level": {"executed_lines": [127, 128, 129, 130, 132], "summary": {"covered_lines": 5, "num_statements": 5, "percent_covered": 100.0, "percent_covered_display": "100", "missing_lines": 0, "excluded_lines": 0}, "missing_lines": [], "excluded_lines": []}, "LimitsValidator.validate": {"executed_lines": [151, 152, 157, 158, 160, 161, 166, 167, 169, 170, 175, 176, 178, 179, 180, 181, 183, 184, 186, 187, 189, 190, 192], "summary": {"covered_lines": 23, "num_statements": 23, "percent_covered": 100.0, "percent_covered_display": "100", "missing_lines": 0, "excluded_lines": 0}, "missing_lines": [], "excluded_lines": []}, "": {"executed_lines": [1, 8, 9, 12, 13, 14, 20, 21, 24, 27, 28, 31, 34, 35, 38, 40, 54, 68, 84, 92, 105, 118, 135, 136, 139, 140, 141, 142, 144, 145], "summary": {"covered_lines": 27, "num_statements": 27, "percent_covered": 100.0, "percent_covered_display": "100", "missing_lines": 0, "excluded_lines": 0}, "missing_lines": [], "excluded_lines": []}}, "classes": {"ResourceLimits": {"executed_lines": [42, 56, 70], "summary": {"covered_lines": 3, "num_statements": 3, "percent_covered": 100.0, "percent_covered_display": "100", "missing_lines": 0, "excluded_lines": 0}, "missing_lines": [], "excluded_lines": []}, "LimitsValidator": {"executed_lines": [151, 152, 157, 158, 160, 161, 166, 167, 169, 170, 175, 176, 178, 179, 180, 181, 183, 184, 186, 187, 189, 190, 192], "summary": {"covered_lines": 23, "num_statements": 23, "percent_covered": 100.0, "percent_covered_display": "100", "missing_lines": 0, "excluded_lines": 0}, "missing_lines": [], "excluded_lines": []}, "": {"executed_lines": [1, 8, 9, 12, 13, 14, 20, 21, 24, 27, 28, 31, 34, 35, 38, 40, 54, 68, 84, 92, 105, 118, 127, 128, 129, 130, 132, 135, 136, 139, 140, 141, 142, 144, 145], "summary": {"covered_lines": 32, "num_statements": 32, "percent_covered": 100.0, "percent_covered_display": "100", "missing_lines": 0, "excluded_lines": 0}, "missing_lines": [], "excluded_lines": []}}}, "luca_core/sandbox/runner.py": {"executed_lines": [1, 2, 3, 6, 7, 9, 12, 13, 14, 15, 16, 18, 20, 21, 37, 38], "summary": {"covered_lines": 15, "num_statements": 15, "percent_covered": 100.0, "percent_covered_display": "100", "missing_lines": 0, "excluded_lines": 0}, "missing_lines": [], "excluded_lines": [], "functions": {"SandboxRunner.__init__": {"executed_lines": [14, 15, 16], "summary": {"covered_lines": 3, "num_statements": 3, "percent_covered": 100.0, "percent_covered_display": "100", "missing_lines": 0, "excluded_lines": 0}, "missing_lines": [], "excluded_lines": []}, "SandboxRunner.run": {"executed_lines": [20, 21, 37, 38], "summary": {"covered_lines": 4, "num_statements": 4, "percent_covered": 100.0, "percent_covered_display": "100", "missing_lines": 0, "excluded_lines": 0}, "missing_lines": [], "excluded_lines": []}, "": {"executed_lines": [1, 2, 3, 6, 7, 9, 12, 13, 18], "summary": {"covered_lines": 8, "num_statements": 8, "percent_covered": 100.0, "percent_covered_display": "100", "missing_lines": 0, "excluded_lines": 0}, "missing_lines": [], "excluded_lines": []}}, "classes": {"SandboxTimeoutError": {"executed_lines": [], "summary": {"covered_lines": 0, "num_statements": 0, "percent_covered": 100.0, "percent_covered_display": "100", "missing_lines": 0, "excluded_lines": 0}, "missing_lines": [], "excluded_lines": []}, "SandboxRunner": {"executed_lines": [14, 15, 16, 20, 21, 37, 38], "summary": {"covered_lines": 7, "num_statements": 7, "percent_covered": 100.0, "percent_covered_display": "100", "missing_lines": 0, "excluded_lines": 0}, "missing_lines": [], "excluded_lines": []}, "": {"executed_lines": [1, 2, 3, 6, 7, 9, 12, 13, 18], "summary": {"covered_lines": 8, "num_statements": 8, "percent_covered": 100.0, "percent_covered_display": "100", "missing_lines": 0, "excluded_lines": 0}, "missing_lines": [], "excluded_lines": []}}}, "luca_core/sandbox/sandbox_manager.py": {"executed_lines": [1, 8, 9, 10, 11, 12, 13, 14, 15, 16, 17, 18, 19, 21, 29, 30, 32, 33, 34, 35, 38, 39, 41, 49, 50, 53, 54, 55, 57, 58, 59, 62, 63, 65, 67, 68, 70, 72, 73, 75, 77, 78, 80, 83, 84, 86, 94, 95, 96, 97, 98, 100, 101, 103, 106, 107, 109, 110, 115, 116, 118, 119, 121, 123, 125, 126, 129, 149, 150, 153, 154, 157, 167, 169, 175, 180, 181, 184, 193, 195, 196, 197, 199, 209, 211, 212, 215, 219, 221, 223, 230, 231, 232, 233, 238, 239, 246, 247, 249, 253, 254, 260, 307, 308, 309, 311, 312, 322, 324, 329, 330, 332, 343, 344, 345, 346, 351, 352, 358, 361, 362, 364, 365, 391, 393, 394, 395, 396, 398, 399, 400, 401, 402, 403, 404, 405, 407, 409, 413, 414, 415, 422, 424, 425, 430, 433, 435, 436, 438, 441, 442, 443, 446, 447, 449, 450, 451, 452, 454, 455, 456, 459, 461, 462, 464, 465, 466, 467, 469, 470, 476, 482, 483, 489, 490, 493, 494, 496, 497, 503, 509, 510, 513, 514, 521, 522, 523, 530, 531, 532, 533, 539, 542, 544, 546, 550, 552, 556, 558, 565, 569, 572, 578, 579, 580, 584], "summary": {"covered_lines": 197, "num_statements": 225, "percent_covered": 87.55555555555556, "percent_covered_display": "88", "missing_lines": 28, "excluded_lines": 0}, "missing_lines": [112, 262, 264, 266, 270, 271, 273, 275, 276, 277, 278, 279, 280, 282, 284, 285, 286, 288, 290, 291, 292, 295, 296, 298, 300, 304, 305, 437], "excluded_lines": [], "functions": {"SandboxConfig.__init__": {"executed_lines": [49, 50, 53, 54, 55, 57, 58, 59], "summary": {"covered_lines": 8, "num_statements": 8, "percent_covered": 100.0, "percent_covered_display": "100", "missing_lines": 0, "excluded_lines": 0}, "missing_lines": [], "excluded_lines": []}, "SandboxConfig.cpu_limit": {"executed_lines": [65], "summary": {"covered_lines": 1, "num_statements": 1, "percent_covered": 100.0, "percent_covered_display": "100", "missing_lines": 0, "excluded_lines": 0}, "missing_lines": [], "excluded_lines": []}, "SandboxConfig.memory_limit_mb": {"executed_lines": [70], "summary": {"covered_lines": 1, "num_statements": 1, "percent_covered": 100.0, "percent_covered_display": "100", "missing_lines": 0, "excluded_lines": 0}, "missing_lines": [], "excluded_lines": []}, "SandboxConfig.timeout_seconds": {"executed_lines": [75], "summary": {"covered_lines": 1, "num_statements": 1, "percent_covered": 100.0, "percent_covered_display": "100", "missing_lines": 0, "excluded_lines": 0}, "missing_lines": [], "excluded_lines": []}, "SandboxConfig.network_access": {"executed_lines": [80], "summary": {"covered_lines": 1, "num_statements": 1, "percent_covered": 100.0, "percent_covered_display": "100", "missing_lines": 0, "excluded_lines": 0}, "missing_lines": [], "excluded_lines": []}, "SandboxResult.__init__": {"executed_lines": [94, 95, 96, 97, 98], "summary": {"covered_lines": 5, "num_statements": 5, "percent_covered": 100.0, "percent_covered_display": "100", "missing_lines": 0, "excluded_lines": 0}, "missing_lines": [], "excluded_lines": []}, "SandboxResult.success": {"executed_lines": [103], "summary": {"covered_lines": 1, "num_statements": 1, "percent_covered": 100.0, "percent_covered_display": "100", "missing_lines": 0, "excluded_lines": 0}, "missing_lines": [], "excluded_lines": []}, "SandboxExecutor.execute": {"executed_lines": [], "summary": {"covered_lines": 0, "num_statements": 1, "percent_covered": 0.0, "percent_covered_display": "0", "missing_lines": 1, "excluded_lines": 0}, "missing_lines": [112], "excluded_lines": []}, "DockerSandboxExecutor.__init__": {"executed_lines": [119], "summary": {"covered_lines": 1, "num_statements": 1, "percent_covered": 100.0, "percent_covered_display": "100", "missing_lines": 0, "excluded_lines": 0}, "missing_lines": [], "excluded_lines": []}, "DockerSandboxExecutor.execute": {"executed_lines": [123, 125, 126, 129, 149, 150, 153, 154, 157, 167, 169, 175, 180, 181, 184, 193, 195, 196, 197, 199, 209, 211, 212, 215, 219, 221, 223, 230, 231, 232, 233, 238, 239], "summary": {"covered_lines": 33, "num_statements": 33, "percent_covered": 100.0, "percent_covered_display": "100", "missing_lines": 0, "excluded_lines": 0}, "missing_lines": [], "excluded_lines": []}, "ProcessSandboxExecutor.execute": {"executed_lines": [253, 254, 260, 307, 308, 309, 311, 312, 322, 324, 329, 330, 332, 343, 344, 345, 346, 351, 352, 358], "summary": {"covered_lines": 20, "num_statements": 20, "percent_covered": 100.0, "percent_covered_display": "100", "missing_lines": 0, "excluded_lines": 0}, "missing_lines": [], "excluded_lines": []}, "ProcessSandboxExecutor.execute.set_limits": {"executed_lines": [], "summary": {"covered_lines": 0, "num_statements": 26, "percent_covered": 0.0, "percent_covered_display": "0", "missing_lines": 26, "excluded_lines": 0}, "missing_lines": [262, 264, 266, 270, 271, 273, 275, 276, 277, 278, 279, 280, 282, 284, 285, 286, 288, 290, 291, 292, 295, 296, 298, 300, 304, 305], "excluded_lines": []}, "RestrictedPythonExecutor.__init__": {"executed_lines": [365], "summary": {"covered_lines": 1, "num_statements": 1, "percent_covered": 100.0, "percent_covered_display": "100", "missing_lines": 0, "excluded_lines": 0}, "missing_lines": [], "excluded_lines": []}, "RestrictedPythonExecutor._validate_imports": {"executed_lines": [393, 394, 395, 396, 398, 399, 400, 401, 402, 403, 404, 405, 407], "summary": {"covered_lines": 13, "num_statements": 13, "percent_covered": 100.0, "percent_covered_display": "100", "missing_lines": 0, "excluded_lines": 0}, "missing_lines": [], "excluded_lines": []}, "RestrictedPythonExecutor.execute": {"executed_lines": [413, 414, 415, 422, 424, 425, 430, 433, 435, 441, 442, 443, 446, 447, 449, 450, 451, 452, 454, 455, 456, 459, 461, 464, 465, 466, 467, 469, 470, 476, 482, 483, 489, 490], "summary": {"covered_lines": 34, "num_statements": 34, "percent_covered": 100.0, "percent_covered_display": "100", "missing_lines": 0, "excluded_lines": 0}, "missing_lines": [], "excluded_lines": []}, "RestrictedPythonExecutor.execute.restricted_import": {"executed_lines": [436, 438], "summary": {"covered_lines": 2, "num_statements": 3, "percent_covered": 66.66666666666667, "percent_covered_display": "67", "missing_lines": 1, "excluded_lines": 0}, "missing_lines": [437], "excluded_lines": []}, "RestrictedPythonExecutor.execute.run_code": {"executed_lines": [462], "summary": {"covered_lines": 1, "num_statements": 1, "percent_covered": 100.0, "percent_covered_display": "100", "missing_lines": 0, "excluded_lines": 0}, "missing_lines": [], "excluded_lines": []}, "SandboxManager.__init__": {"executed_lines": [497], "summary": {"covered_lines": 1, "num_statements": 1, "percent_covered": 100.0, "percent_covered_display": "100", "missing_lines": 0, "excluded_lines": 0}, "missing_lines": [], "excluded_lines": []}, "SandboxManager.execute": {"executed_lines": [509, 510, 513, 514, 521, 522, 523, 530, 531, 532, 533], "summary": {"covered_lines": 11, "num_statements": 11, "percent_covered": 100.0, "percent_covered_display": "100", "missing_lines": 0, "excluded_lines": 0}, "missing_lines": [], "excluded_lines": []}, "SandboxManager.get_recommended_config": {"executed_lines": [542, 544, 546, 550, 552, 556, 558, 565], "summary": {"covered_lines": 8, "num_statements": 8, "percent_covered": 100.0, "percent_covered_display": "100", "missing_lines": 0, "excluded_lines": 0}, "missing_lines": [], "excluded_lines": []}, "get_sandbox_manager": {"executed_lines": [578, 579, 580], "summary": {"covered_lines": 3, "num_statements": 3, "percent_covered": 100.0, "percent_covered_display": "100", "missing_lines": 0, "excluded_lines": 0}, "missing_lines": [], "excluded_lines": []}, "": {"executed_lines": [1, 8, 9, 10, 11, 12, 13, 14, 15, 16, 17, 18, 19, 21, 29, 30, 32, 33, 34, 35, 38, 39, 41, 62, 63, 67, 68, 72, 73, 77, 78, 83, 84, 86, 100, 101, 106, 107, 109, 110, 115, 116, 118, 121, 246, 247, 249, 361, 362, 364, 391, 409, 493, 494, 496, 503, 539, 569, 572, 584], "summary": {"covered_lines": 51, "num_statements": 51, "percent_covered": 100.0, "percent_covered_display": "100", "missing_lines": 0, "excluded_lines": 0}, "missing_lines": [], "excluded_lines": []}}, "classes": {"SandboxStrategy": {"executed_lines": [], "summary": {"covered_lines": 0, "num_statements": 0, "percent_covered": 100.0, "percent_covered_display": "100", "missing_lines": 0, "excluded_lines": 0}, "missing_lines": [], "excluded_lines": []}, "SandboxConfig": {"executed_lines": [49, 50, 53, 54, 55, 57, 58, 59, 65, 70, 75, 80], "summary": {"covered_lines": 12, "num_statements": 12, "percent_covered": 100.0, "percent_covered_display": "100", "missing_lines": 0, "excluded_lines": 0}, "missing_lines": [], "excluded_lines": []}, "SandboxResult": {"executed_lines": [94, 95, 96, 97, 98, 103], "summary": {"covered_lines": 6, "num_statements": 6, "percent_covered": 100.0, "percent_covered_display": "100", "missing_lines": 0, "excluded_lines": 0}, "missing_lines": [], "excluded_lines": []}, "SandboxExecutor": {"executed_lines": [], "summary": {"covered_lines": 0, "num_statements": 1, "percent_covered": 0.0, "percent_covered_display": "0", "missing_lines": 1, "excluded_lines": 0}, "missing_lines": [112], "excluded_lines": []}, "DockerSandboxExecutor": {"executed_lines": [119, 123, 125, 126, 129, 149, 150, 153, 154, 157, 167, 169, 175, 180, 181, 184, 193, 195, 196, 197, 199, 209, 211, 212, 215, 219, 221, 223, 230, 231, 232, 233, 238, 239], "summary": {"covered_lines": 34, "num_statements": 34, "percent_covered": 100.0, "percent_covered_display": "100", "missing_lines": 0, "excluded_lines": 0}, "missing_lines": [], "excluded_lines": []}, "ProcessSandboxExecutor": {"executed_lines": [253, 254, 260, 307, 308, 309, 311, 312, 322, 324, 329, 330, 332, 343, 344, 345, 346, 351, 352, 358], "summary": {"covered_lines": 20, "num_statements": 46, "percent_covered": 43.47826086956522, "percent_covered_display": "43", "missing_lines": 26, "excluded_lines": 0}, "missing_lines": [262, 264, 266, 270, 271, 273, 275, 276, 277, 278, 279, 280, 282, 284, 285, 286, 288, 290, 291, 292, 295, 296, 298, 300, 304, 305], "excluded_lines": []}, "RestrictedPythonExecutor": {"executed_lines": [365, 393, 394, 395, 396, 398, 399, 400, 401, 402, 403, 404, 405, 407, 413, 414, 415, 422, 424, 425, 430, 433, 435, 436, 438, 441, 442, 443, 446, 447, 449, 450, 451, 452, 454, 455, 456, 459, 461, 462, 464, 465, 466, 467, 469, 470, 476, 482, 483, 489, 490], "summary": {"covered_lines": 51, "num_statements": 52, "percent_covered": 98.07692307692308, "percent_covered_display": "98", "missing_lines": 1, "excluded_lines": 0}, "missing_lines": [437], "excluded_lines": []}, "SandboxManager": {"executed_lines": [497, 509, 510, 513, 514, 521, 522, 523, 530, 531, 532, 533, 542, 544, 546, 550, 552, 556, 558, 565], "summary": {"covered_lines": 20, "num_statements": 20, "percent_covered": 100.0, "percent_covered_display": "100", "missing_lines": 0, "excluded_lines": 0}, "missing_lines": [], "excluded_lines": []}, "": {"executed_lines": [1, 8, 9, 10, 11, 12, 13, 14, 15, 16, 17, 18, 19, 21, 29, 30, 32, 33, 34, 35, 38, 39, 41, 62, 63, 67, 68, 72, 73, 77, 78, 83, 84, 86, 100, 101, 106, 107, 109, 110, 115, 116, 118, 121, 246, 247, 249, 361, 362, 364, 391, 409, 493, 494, 496, 503, 539, 569, 572, 578, 579, 580, 584], "summary": {"covered_lines": 54, "num_statements": 54, "percent_covered": 100.0, "percent_covered_display": "100", "missing_lines": 0, "excluded_lines": 0}, "missing_lines": [], "excluded_lines": []}}}, "luca_core/schemas/__init__.py": {"executed_lines": [1, 8, 20, 34, 45, 55], "summary": {"covered_lines": 5, "num_statements": 5, "percent_covered": 100.0, "percent_covered_display": "100", "missing_lines": 0, "excluded_lines": 0}, "missing_lines": [], "excluded_lines": [], "functions": {"": {"executed_lines": [1, 8, 20, 34, 45, 55], "summary": {"covered_lines": 5, "num_statements": 5, "percent_covered": 100.0, "percent_covered_display": "100", "missing_lines": 0, "excluded_lines": 0}, "missing_lines": [], "excluded_lines": []}}, "classes": {"": {"executed_lines": [1, 8, 20, 34, 45, 55], "summary": {"covered_lines": 5, "num_statements": 5, "percent_covered": 100.0, "percent_covered_display": "100", "missing_lines": 0, "excluded_lines": 0}, "missing_lines": [], "excluded_lines": []}}}, "luca_core/schemas/agent.py": {"executed_lines": [1, 7, 8, 9, 11, 14, 15, 17, 18, 19, 20, 21, 22, 25, 26, 28, 29, 30, 31, 34, 35, 37, 38, 39, 40, 41, 42, 43, 44, 47, 48, 50, 51, 52, 53, 54, 55, 56, 57, 58, 59, 62, 63, 65, 66, 67, 68, 69, 70, 71, 72, 73, 74, 75, 76, 81, 82, 84, 85, 86, 87, 88, 89, 90, 91, 92, 94, 96, 99, 100, 102, 103, 104, 105, 106, 107, 108, 111, 112, 114, 115, 116], "summary": {"covered_lines": 73, "num_statements": 73, "percent_covered": 100.0, "percent_covered_display": "100", "missing_lines": 0, "excluded_lines": 0}, "missing_lines": [], "excluded_lines": [], "functions": {"Agent.get_agent_description": {"executed_lines": [96], "summary": {"covered_lines": 1, "num_statements": 1, "percent_covered": 100.0, "percent_covered_display": "100", "missing_lines": 0, "excluded_lines": 0}, "missing_lines": [], "excluded_lines": []}, "": {"executed_lines": [1, 7, 8, 9, 11, 14, 15, 17, 18, 19, 20, 21, 22, 25, 26, 28, 29, 30, 31, 34, 35, 37, 38, 39, 40, 41, 42, 43, 44, 47, 48, 50, 51, 52, 53, 54, 55, 56, 57, 58, 59, 62, 63, 65, 66, 67, 68, 69, 70, 71, 72, 73, 74, 75, 76, 81, 82, 84, 85, 86, 87, 88, 89, 90, 91, 92, 94, 99, 100, 102, 103, 104, 105, 106, 107, 108, 111, 112, 114, 115, 116], "summary": {"covered_lines": 72, "num_statements": 72, "percent_covered": 100.0, "percent_covered_display": "100", "missing_lines": 0, "excluded_lines": 0}, "missing_lines": [], "excluded_lines": []}}, "classes": {"AgentRole": {"executed_lines": [], "summary": {"covered_lines": 0, "num_statements": 0, "percent_covered": 100.0, "percent_covered_display": "100", "missing_lines": 0, "excluded_lines": 0}, "missing_lines": [], "excluded_lines": []}, "AgentStatus": {"executed_lines": [], "summary": {"covered_lines": 0, "num_statements": 0, "percent_covered": 100.0, "percent_covered_display": "100", "missing_lines": 0, "excluded_lines": 0}, "missing_lines": [], "excluded_lines": []}, "LLMModelConfig": {"executed_lines": [], "summary": {"covered_lines": 0, "num_statements": 0, "percent_covered": 100.0, "percent_covered_display": "100", "missing_lines": 0, "excluded_lines": 0}, "missing_lines": [], "excluded_lines": []}, "AgentCapability": {"executed_lines": [], "summary": {"covered_lines": 0, "num_statements": 0, "percent_covered": 100.0, "percent_covered_display": "100", "missing_lines": 0, "excluded_lines": 0}, "missing_lines": [], "excluded_lines": []}, "AgentConfig": {"executed_lines": [], "summary": {"covered_lines": 0, "num_statements": 0, "percent_covered": 100.0, "percent_covered_display": "100", "missing_lines": 0, "excluded_lines": 0}, "missing_lines": [], "excluded_lines": []}, "Agent": {"executed_lines": [96], "summary": {"covered_lines": 1, "num_statements": 1, "percent_covered": 100.0, "percent_covered_display": "100", "missing_lines": 0, "excluded_lines": 0}, "missing_lines": [], "excluded_lines": []}, "AgentTeam": {"executed_lines": [], "summary": {"covered_lines": 0, "num_statements": 0, "percent_covered": 100.0, "percent_covered_display": "100", "missing_lines": 0, "excluded_lines": 0}, "missing_lines": [], "excluded_lines": []}, "LearningMode": {"executed_lines": [], "summary": {"covered_lines": 0, "num_statements": 0, "percent_covered": 100.0, "percent_covered_display": "100", "missing_lines": 0, "excluded_lines": 0}, "missing_lines": [], "excluded_lines": []}, "": {"executed_lines": [1, 7, 8, 9, 11, 14, 15, 17, 18, 19, 20, 21, 22, 25, 26, 28, 29, 30, 31, 34, 35, 37, 38, 39, 40, 41, 42, 43, 44, 47, 48, 50, 51, 52, 53, 54, 55, 56, 57, 58, 59, 62, 63, 65, 66, 67, 68, 69, 70, 71, 72, 73, 74, 75, 76, 81, 82, 84, 85, 86, 87, 88, 89, 90, 91, 92, 94, 99, 100, 102, 103, 104, 105, 106, 107, 108, 111, 112, 114, 115, 116], "summary": {"covered_lines": 72, "num_statements": 72, "percent_covered": 100.0, "percent_covered_display": "100", "missing_lines": 0, "excluded_lines": 0}, "missing_lines": [], "excluded_lines": []}}}, "luca_core/schemas/base.py": {"executed_lines": [1, 7, 8, 9, 11, 16, 17, 19, 20, 21, 22, 25, 26, 28, 29, 30, 33, 34, 36, 37, 38, 39, 42, 43, 45, 46, 47, 50, 51, 53, 54, 55, 56, 57, 58], "summary": {"covered_lines": 29, "num_statements": 29, "percent_covered": 100.0, "percent_covered_display": "100", "missing_lines": 0, "excluded_lines": 0}, "missing_lines": [], "excluded_lines": [], "functions": {"": {"executed_lines": [1, 7, 8, 9, 11, 16, 17, 19, 20, 21, 22, 25, 26, 28, 29, 30, 33, 34, 36, 37, 38, 39, 42, 43, 45, 46, 47, 50, 51, 53, 54, 55, 56, 57, 58], "summary": {"covered_lines": 29, "num_statements": 29, "percent_covered": 100.0, "percent_covered_display": "100", "missing_lines": 0, "excluded_lines": 0}, "missing_lines": [], "excluded_lines": []}}, "classes": {"SeverityLevel": {"executed_lines": [], "summary": {"covered_lines": 0, "num_statements": 0, "percent_covered": 100.0, "percent_covered_display": "100", "missing_lines": 0, "excluded_lines": 0}, "missing_lines": [], "excluded_lines": []}, "CompletionStatus": {"executed_lines": [], "summary": {"covered_lines": 0, "num_statements": 0, "percent_covered": 100.0, "percent_covered_display": "100", "missing_lines": 0, "excluded_lines": 0}, "missing_lines": [], "excluded_lines": []}, "DomainType": {"executed_lines": [], "summary": {"covered_lines": 0, "num_statements": 0, "percent_covered": 100.0, "percent_covered_display": "100", "missing_lines": 0, "excluded_lines": 0}, "missing_lines": [], "excluded_lines": []}, "LearningMode": {"executed_lines": [], "summary": {"covered_lines": 0, "num_statements": 0, "percent_covered": 100.0, "percent_covered_display": "100", "missing_lines": 0, "excluded_lines": 0}, "missing_lines": [], "excluded_lines": []}, "AgentRole": {"executed_lines": [], "summary": {"covered_lines": 0, "num_statements": 0, "percent_covered": 100.0, "percent_covered_display": "100", "missing_lines": 0, "excluded_lines": 0}, "missing_lines": [], "excluded_lines": []}, "": {"executed_lines": [1, 7, 8, 9, 11, 16, 17, 19, 20, 21, 22, 25, 26, 28, 29, 30, 33, 34, 36, 37, 38, 39, 42, 43, 45, 46, 47, 50, 51, 53, 54, 55, 56, 57, 58], "summary": {"covered_lines": 29, "num_statements": 29, "percent_covered": 100.0, "percent_covered_display": "100", "missing_lines": 0, "excluded_lines": 0}, "missing_lines": [], "excluded_lines": []}}}, "luca_core/schemas/context.py": {"executed_lines": [1, 7, 8, 9, 11, 14, 15, 17, 18, 19, 20, 23, 24, 26, 27, 28, 29, 30, 33, 34, 36, 37, 38, 39, 40, 41, 42, 45, 46, 48, 49, 50, 51, 52, 55, 56, 58, 59, 60, 61, 62, 63, 64, 65, 66, 69, 70, 72, 73, 74, 75, 76, 77, 78, 81, 82, 84, 85, 86, 87, 88, 89, 92, 93, 95, 96, 97, 98, 99, 100, 101, 102, 103, 104, 105, 108, 109, 111, 112, 113, 114, 115, 116, 117, 118, 121, 122, 126, 133, 136, 137, 139, 140, 141, 142, 143, 146], "summary": {"covered_lines": 86, "num_statements": 86, "percent_covered": 100.0, "percent_covered_display": "100", "missing_lines": 0, "excluded_lines": 0}, "missing_lines": [], "excluded_lines": [], "functions": {"Project.export_ticket": {"executed_lines": [133], "summary": {"covered_lines": 1, "num_statements": 1, "percent_covered": 100.0, "percent_covered_display": "100", "missing_lines": 0, "excluded_lines": 0}, "missing_lines": [], "excluded_lines": []}, "": {"executed_lines": [1, 7, 8, 9, 11, 14, 15, 17, 18, 19, 20, 23, 24, 26, 27, 28, 29, 30, 33, 34, 36, 37, 38, 39, 40, 41, 42, 45, 46, 48, 49, 50, 51, 52, 55, 56, 58, 59, 60, 61, 62, 63, 64, 65, 66, 69, 70, 72, 73, 74, 75, 76, 77, 78, 81, 82, 84, 85, 86, 87, 88, 89, 92, 93, 95, 96, 97, 98, 99, 100, 101, 102, 103, 104, 105, 108, 109, 111, 112, 113, 114, 115, 116, 117, 118, 121, 122, 126, 136, 137, 139, 140, 141, 142, 143, 146], "summary": {"covered_lines": 85, "num_statements": 85, "percent_covered": 100.0, "percent_covered_display": "100", "missing_lines": 0, "excluded_lines": 0}, "missing_lines": [], "excluded_lines": []}}, "classes": {"MessageRole": {"executed_lines": [], "summary": {"covered_lines": 0, "num_statements": 0, "percent_covered": 100.0, "percent_covered_display": "100", "missing_lines": 0, "excluded_lines": 0}, "missing_lines": [], "excluded_lines": []}, "Message": {"executed_lines": [], "summary": {"covered_lines": 0, "num_statements": 0, "percent_covered": 100.0, "percent_covered_display": "100", "missing_lines": 0, "excluded_lines": 0}, "missing_lines": [], "excluded_lines": []}, "Conversation": {"executed_lines": [], "summary": {"covered_lines": 0, "num_statements": 0, "percent_covered": 100.0, "percent_covered_display": "100", "missing_lines": 0, "excluded_lines": 0}, "missing_lines": [], "excluded_lines": []}, "TaskStatus": {"executed_lines": [], "summary": {"covered_lines": 0, "num_statements": 0, "percent_covered": 100.0, "percent_covered_display": "100", "missing_lines": 0, "excluded_lines": 0}, "missing_lines": [], "excluded_lines": []}, "Task": {"executed_lines": [], "summary": {"covered_lines": 0, "num_statements": 0, "percent_covered": 100.0, "percent_covered_display": "100", "missing_lines": 0, "excluded_lines": 0}, "missing_lines": [], "excluded_lines": []}, "ClarificationRequest": {"executed_lines": [], "summary": {"covered_lines": 0, "num_statements": 0, "percent_covered": 100.0, "percent_covered_display": "100", "missing_lines": 0, "excluded_lines": 0}, "missing_lines": [], "excluded_lines": []}, "TaskResult": {"executed_lines": [], "summary": {"covered_lines": 0, "num_statements": 0, "percent_covered": 100.0, "percent_covered_display": "100", "missing_lines": 0, "excluded_lines": 0}, "missing_lines": [], "excluded_lines": []}, "MetricRecord": {"executed_lines": [], "summary": {"covered_lines": 0, "num_statements": 0, "percent_covered": 100.0, "percent_covered_display": "100", "missing_lines": 0, "excluded_lines": 0}, "missing_lines": [], "excluded_lines": []}, "Project": {"executed_lines": [133], "summary": {"covered_lines": 1, "num_statements": 1, "percent_covered": 100.0, "percent_covered_display": "100", "missing_lines": 0, "excluded_lines": 0}, "missing_lines": [], "excluded_lines": []}, "UserPreferences": {"executed_lines": [], "summary": {"covered_lines": 0, "num_statements": 0, "percent_covered": 100.0, "percent_covered_display": "100", "missing_lines": 0, "excluded_lines": 0}, "missing_lines": [], "excluded_lines": []}, "": {"executed_lines": [1, 7, 8, 9, 11, 14, 15, 17, 18, 19, 20, 23, 24, 26, 27, 28, 29, 30, 33, 34, 36, 37, 38, 39, 40, 41, 42, 45, 46, 48, 49, 50, 51, 52, 55, 56, 58, 59, 60, 61, 62, 63, 64, 65, 66, 69, 70, 72, 73, 74, 75, 76, 77, 78, 81, 82, 84, 85, 86, 87, 88, 89, 92, 93, 95, 96, 97, 98, 99, 100, 101, 102, 103, 104, 105, 108, 109, 111, 112, 113, 114, 115, 116, 117, 118, 121, 122, 126, 136, 137, 139, 140, 141, 142, 143, 146], "summary": {"covered_lines": 85, "num_statements": 85, "percent_covered": 100.0, "percent_covered_display": "100", "missing_lines": 0, "excluded_lines": 0}, "missing_lines": [], "excluded_lines": []}}}, "luca_core/schemas/error.py": {"executed_lines": [1, 7, 8, 9, 11, 14, 15, 17, 18, 19, 20, 21, 24, 25, 27, 28, 29, 30, 33, 34, 36, 37, 38, 39, 40, 41, 42, 43, 44, 45, 47, 49, 51, 52, 53, 54, 55, 57, 58, 66, 75, 76, 79, 80, 83, 84, 87, 88, 91, 92, 95, 96, 100, 108, 109, 118, 124, 133, 135], "summary": {"covered_lines": 54, "num_statements": 54, "percent_covered": 100.0, "percent_covered_display": "100", "missing_lines": 0, "excluded_lines": 0}, "missing_lines": [], "excluded_lines": [], "functions": {"ErrorPayload.get_user_message": {"executed_lines": [49, 51, 52, 53, 54, 55], "summary": {"covered_lines": 6, "num_statements": 6, "percent_covered": 100.0, "percent_covered_display": "100", "missing_lines": 0, "excluded_lines": 0}, "missing_lines": [], "excluded_lines": []}, "ErrorPayload.from_exception": {"executed_lines": [66], "summary": {"covered_lines": 1, "num_statements": 1, "percent_covered": 100.0, "percent_covered_display": "100", "missing_lines": 0, "excluded_lines": 0}, "missing_lines": [], "excluded_lines": []}, "create_user_error": {"executed_lines": [108, 109], "summary": {"covered_lines": 2, "num_statements": 2, "percent_covered": 100.0, "percent_covered_display": "100", "missing_lines": 0, "excluded_lines": 0}, "missing_lines": [], "excluded_lines": []}, "create_system_error": {"executed_lines": [124], "summary": {"covered_lines": 1, "num_statements": 1, "percent_covered": 100.0, "percent_covered_display": "100", "missing_lines": 0, "excluded_lines": 0}, "missing_lines": [], "excluded_lines": []}, "create_timeout_error": {"executed_lines": [135], "summary": {"covered_lines": 1, "num_statements": 1, "percent_covered": 100.0, "percent_covered_display": "100", "missing_lines": 0, "excluded_lines": 0}, "missing_lines": [], "excluded_lines": []}, "": {"executed_lines": [1, 7, 8, 9, 11, 14, 15, 17, 18, 19, 20, 21, 24, 25, 27, 28, 29, 30, 33, 34, 36, 37, 38, 39, 40, 41, 42, 43, 44, 45, 47, 57, 58, 75, 76, 79, 80, 83, 84, 87, 88, 91, 92, 95, 96, 100, 118, 133], "summary": {"covered_lines": 43, "num_statements": 43, "percent_covered": 100.0, "percent_covered_display": "100", "missing_lines": 0, "excluded_lines": 0}, "missing_lines": [], "excluded_lines": []}}, "classes": {"ErrorCategory": {"executed_lines": [], "summary": {"covered_lines": 0, "num_statements": 0, "percent_covered": 100.0, "percent_covered_display": "100", "missing_lines": 0, "excluded_lines": 0}, "missing_lines": [], "excluded_lines": []}, "ErrorSeverity": {"executed_lines": [], "summary": {"covered_lines": 0, "num_statements": 0, "percent_covered": 100.0, "percent_covered_display": "100", "missing_lines": 0, "excluded_lines": 0}, "missing_lines": [], "excluded_lines": []}, "ErrorPayload": {"executed_lines": [49, 51, 52, 53, 54, 55, 66], "summary": {"covered_lines": 7, "num_statements": 7, "percent_covered": 100.0, "percent_covered_display": "100", "missing_lines": 0, "excluded_lines": 0}, "missing_lines": [], "excluded_lines": []}, "ErrorCode": {"executed_lines": [], "summary": {"covered_lines": 0, "num_statements": 0, "percent_covered": 100.0, "percent_covered_display": "100", "missing_lines": 0, "excluded_lines": 0}, "missing_lines": [], "excluded_lines": []}, "": {"executed_lines": [1, 7, 8, 9, 11, 14, 15, 17, 18, 19, 20, 21, 24, 25, 27, 28, 29, 30, 33, 34, 36, 37, 38, 39, 40, 41, 42, 43, 44, 45, 47, 57, 58, 75, 76, 79, 80, 83, 84, 87, 88, 91, 92, 95, 96, 100, 108, 109, 118, 124, 133, 135], "summary": {"covered_lines": 47, "num_statements": 47, "percent_covered": 100.0, "percent_covered_display": "100", "missing_lines": 0, "excluded_lines": 0}, "missing_lines": [], "excluded_lines": []}}}, "luca_core/schemas/tools.py": {"executed_lines": [1, 7, 8, 9, 11, 14, 15, 17, 18, 19, 20, 21, 22, 23, 24, 25, 28, 29, 31, 32, 33, 34, 35, 38, 39, 41, 42, 43, 44, 45, 46, 47, 48, 49, 50, 51, 52, 55, 56, 58, 59, 60, 61, 62, 63, 66, 67, 69, 70, 71, 72, 75, 76, 78, 79, 80, 81, 82, 83, 84, 85, 88, 89, 91, 92, 93, 94], "summary": {"covered_lines": 59, "num_statements": 59, "percent_covered": 100.0, "percent_covered_display": "100", "missing_lines": 0, "excluded_lines": 0}, "missing_lines": [], "excluded_lines": [], "functions": {"": {"executed_lines": [1, 7, 8, 9, 11, 14, 15, 17, 18, 19, 20, 21, 22, 23, 24, 25, 28, 29, 31, 32, 33, 34, 35, 38, 39, 41, 42, 43, 44, 45, 46, 47, 48, 49, 50, 51, 52, 55, 56, 58, 59, 60, 61, 62, 63, 66, 67, 69, 70, 71, 72, 75, 76, 78, 79, 80, 81, 82, 83, 84, 85, 88, 89, 91, 92, 93, 94], "summary": {"covered_lines": 59, "num_statements": 59, "percent_covered": 100.0, "percent_covered_display": "100", "missing_lines": 0, "excluded_lines": 0}, "missing_lines": [], "excluded_lines": []}}, "classes": {"ToolCategory": {"executed_lines": [], "summary": {"covered_lines": 0, "num_statements": 0, "percent_covered": 100.0, "percent_covered_display": "100", "missing_lines": 0, "excluded_lines": 0}, "missing_lines": [], "excluded_lines": []}, "ToolScope": {"executed_lines": [], "summary": {"covered_lines": 0, "num_statements": 0, "percent_covered": 100.0, "percent_covered_display": "100", "missing_lines": 0, "excluded_lines": 0}, "missing_lines": [], "excluded_lines": []}, "ToolMetadata": {"executed_lines": [], "summary": {"covered_lines": 0, "num_statements": 0, "percent_covered": 100.0, "percent_covered_display": "100", "missing_lines": 0, "excluded_lines": 0}, "missing_lines": [], "excluded_lines": []}, "ToolParameter": {"executed_lines": [], "summary": {"covered_lines": 0, "num_statements": 0, "percent_covered": 100.0, "percent_covered_display": "100", "missing_lines": 0, "excluded_lines": 0}, "missing_lines": [], "excluded_lines": []}, "ToolSpecification": {"executed_lines": [], "summary": {"covered_lines": 0, "num_statements": 0, "percent_covered": 100.0, "percent_covered_display": "100", "missing_lines": 0, "excluded_lines": 0}, "missing_lines": [], "excluded_lines": []}, "ToolUsageMetrics": {"executed_lines": [], "summary": {"covered_lines": 0, "num_statements": 0, "percent_covered": 100.0, "percent_covered_display": "100", "missing_lines": 0, "excluded_lines": 0}, "missing_lines": [], "excluded_lines": []}, "ToolRegistration": {"executed_lines": [], "summary": {"covered_lines": 0, "num_statements": 0, "percent_covered": 100.0, "percent_covered_display": "100", "missing_lines": 0, "excluded_lines": 0}, "missing_lines": [], "excluded_lines": []}, "": {"executed_lines": [1, 7, 8, 9, 11, 14, 15, 17, 18, 19, 20, 21, 22, 23, 24, 25, 28, 29, 31, 32, 33, 34, 35, 38, 39, 41, 42, 43, 44, 45, 46, 47, 48, 49, 50, 51, 52, 55, 56, 58, 59, 60, 61, 62, 63, 66, 67, 69, 70, 71, 72, 75, 76, 78, 79, 80, 81, 82, 83, 84, 85, 88, 89, 91, 92, 93, 94], "summary": {"covered_lines": 59, "num_statements": 59, "percent_covered": 100.0, "percent_covered_display": "100", "missing_lines": 0, "excluded_lines": 0}, "missing_lines": [], "excluded_lines": []}}}, "luca_core/store/__init__.py": {"executed_lines": [], "summary": {"covered_lines": 0, "num_statements": 0, "percent_covered": 100.0, "percent_covered_display": "100", "missing_lines": 0, "excluded_lines": 0}, "missing_lines": [], "excluded_lines": [], "functions": {"": {"executed_lines": [], "summary": {"covered_lines": 0, "num_statements": 0, "percent_covered": 100.0, "percent_covered_display": "100", "missing_lines": 0, "excluded_lines": 0}, "missing_lines": [], "excluded_lines": []}}, "classes": {"": {"executed_lines": [], "summary": {"covered_lines": 0, "num_statements": 0, "percent_covered": 100.0, "percent_covered_display": "100", "missing_lines": 0, "excluded_lines": 0}, "missing_lines": [], "excluded_lines": []}}}}, "totals": {"covered_lines": 1242, "num_statements": 1271, "percent_covered": 97.7183320220299, "percent_covered_display": "98", "missing_lines": 29, "excluded_lines": 0}}